app/build/intermediates/manifest_merge_blame_file/debug/manifest-merger-blame-debug-report.txt
1<?xml version="1.0" encoding="utf-8"?>
2<manifest xmlns:android="http://schemas.android.com/apk/res/android"
3    package="com.example.cowid"
4    android:versionCode="1"
5    android:versionName="1.0" >
6
7    <uses-sdk
8        android:minSdkVersion="15"
8-->src\main\AndroidManifest.xml
9        android:targetSdkVersion="28" />
9-->src\main\AndroidManifest.xml
10
11    <uses-permission android:name="android.permission.INTERNET" />
11-->src\main\AndroidManifest.xml:5:5-67
11-->src\main\AndroidManifest.xml:5:22-64
12
13    <application
13-->src\main\AndroidManifest.xml:7:5-38:19
14        android:allowBackup="true"
14-->src\main\AndroidManifest.xml:8:9-35
15        android:appComponentFactory="androidx.core.app.CoreComponentFactory"
15-->[androidx.core:core:1.0.1] AndroidManifest.xml:22:18-86
16        android:debuggable="true"
17        android:icon="@drawable/cowid"
17-->src\main\AndroidManifest.xml:9:9-39
18        android:label="@string/app_name"
18-->src\main\AndroidManifest.xml:10:9-41
19        android:roundIcon="@drawable/cowid"
19-->src\main\AndroidManifest.xml:11:9-44
20        android:screenOrientation="portrait"
20-->src\main\AndroidManifest.xml:12:9-45
21        android:supportsRtl="true"
21-->src\main\AndroidManifest.xml:13:9-35
22        android:testOnly="true"
23        android:theme="@style/AppTheme" >
23-->src\main\AndroidManifest.xml:14:9-40
24        <receiver android:name="com.example.cowid.NewAppWidget" >
24-->src\main\AndroidManifest.xml:15:9-23:20
24-->src\main\AndroidManifest.xml:15:19-47
25            <intent-filter>
25-->src\main\AndroidManifest.xml:16:13-18:29
26                <action android:name="android.appwidget.action.APPWIDGET_UPDATE" />
26-->src\main\AndroidManifest.xml:17:17-84
26-->src\main\AndroidManifest.xml:17:25-81
27            </intent-filter>
28
29            <meta-data
29-->src\main\AndroidManifest.xml:20:13-22:63
30                android:name="android.appwidget.provider"
30-->src\main\AndroidManifest.xml:21:17-58
31                android:resource="@xml/new_app_widget_info" />
31-->src\main\AndroidManifest.xml:22:17-60
32        </receiver>
33
34        <activity
34-->src\main\AndroidManifest.xml:25:9-33:20
35            android:name="com.example.cowid.MainActivity"
35-->src\main\AndroidManifest.xml:26:13-41
36            android:screenOrientation="portrait" >
36-->src\main\AndroidManifest.xml:27:13-49
37            <intent-filter>
37-->src\main\AndroidManifest.xml:28:13-32:29
38                <action android:name="android.intent.action.MAIN" />
38-->src\main\AndroidManifest.xml:29:17-69
38-->src\main\AndroidManifest.xml:29:25-66
39
40                <category android:name="android.intent.category.LAUNCHER" />
40-->src\main\AndroidManifest.xml:31:17-77
40-->src\main\AndroidManifest.xml:31:27-74
41            </intent-filter>
42        </activity>
43
44        <meta-data
44-->src\main\AndroidManifest.xml:35:9-37:57
45            android:name="preloaded_fonts"
45-->src\main\AndroidManifest.xml:36:13-43
46            android:resource="@array/preloaded_fonts" />
46-->src\main\AndroidManifest.xml:37:13-54
47    </application>
48
49</manifest>